<?xml version="1.0" encoding="UTF-8"?>
<testng-results skipped="0" failed="0" ignored="0" total="1" passed="1">
  <reporter-output>
  </reporter-output>
  <suite name="Default suite" duration-ms="808" started-at="2019-10-22T12:56:10Z" finished-at="2019-10-22T12:56:11Z">
    <groups>
    </groups>
    <test name="Default test" duration-ms="808" started-at="2019-10-22T12:56:10Z" finished-at="2019-10-22T12:56:11Z">
      <class name="testcases.Totaldata">
        <test-method status="PASS" signature="khaja()[pri:0, instance:testcases.Totaldata@42d80b78]" name="khaja" duration-ms="762" started-at="2019-10-22T18:26:10Z" finished-at="2019-10-22T18:26:11Z">
          <reporter-output>
          </reporter-output>
        </test-method> <!-- khaja -->
      </class> <!-- testcases.Totaldata -->
    </test> <!-- Default test -->
  </suite> <!-- Default suite -->
</testng-results>
